[2015-02-03 15:32:47] request.ERROR: Uncaught PHP Exception Symfony\Component\HttpKernel\Exception\NotFoundHttpException: "No route found for "GET /"" at /var/www/log/vendor/symfony/symfony/src/Symfony/Component/HttpKernel/EventListener/RouterListener.php line 145 {"exception":"[object] (Symfony\\Component\\HttpKernel\\Exception\\NotFoundHttpException(code: 0): No route found for \"GET /\" at /var/www/log/vendor/symfony/symfony/src/Symfony/Component/HttpKernel/EventListener/RouterListener.php:145, Symfony\\Component\\Routing\\Exception\\ResourceNotFoundException(code: 0):  at /var/www/log/app/cache/prod/appProdUrlMatcher.php:35)"} []
[2015-02-06 10:08:57] request.ERROR: Uncaught PHP Exception Symfony\Component\HttpKernel\Exception\NotFoundHttpException: "No route found for "GET /hello-world"" at /var/www/log/vendor/symfony/symfony/src/Symfony/Component/HttpKernel/EventListener/RouterListener.php line 145 {"exception":"[object] (Symfony\\Component\\HttpKernel\\Exception\\NotFoundHttpException(code: 0): No route found for \"GET /hello-world\" at /var/www/log/vendor/symfony/symfony/src/Symfony/Component/HttpKernel/EventListener/RouterListener.php:145, Symfony\\Component\\Routing\\Exception\\ResourceNotFoundException(code: 0):  at /var/www/log/app/cache/prod/appProdUrlMatcher.php:35)"} []
[2015-02-06 10:09:35] request.ERROR: Uncaught PHP Exception Symfony\Component\HttpKernel\Exception\NotFoundHttpException: "No route found for "GET /hello-world"" at /var/www/log/app/cache/prod/classes.php line 2420 {"exception":"[object] (Symfony\\Component\\HttpKernel\\Exception\\NotFoundHttpException(code: 0): No route found for \"GET /hello-world\" at /var/www/log/app/cache/prod/classes.php:2420, Symfony\\Component\\Routing\\Exception\\ResourceNotFoundException(code: 0):  at /var/www/log/app/cache/prod/appProdUrlMatcher.php:35)"} []
[2015-02-06 10:09:42] request.ERROR: Uncaught PHP Exception Symfony\Component\HttpKernel\Exception\NotFoundHttpException: "No route found for "GET /"" at /var/www/log/app/cache/prod/classes.php line 2420 {"exception":"[object] (Symfony\\Component\\HttpKernel\\Exception\\NotFoundHttpException(code: 0): No route found for \"GET /\" at /var/www/log/app/cache/prod/classes.php:2420, Symfony\\Component\\Routing\\Exception\\ResourceNotFoundException(code: 0):  at /var/www/log/app/cache/prod/appProdUrlMatcher.php:35)"} []
[2015-02-06 10:27:09] request.ERROR: Uncaught PHP Exception Symfony\Component\HttpKernel\Exception\NotFoundHttpException: "No route found for "GET /"" at /var/www/log/vendor/symfony/symfony/src/Symfony/Component/HttpKernel/EventListener/RouterListener.php line 145 {"exception":"[object] (Symfony\\Component\\HttpKernel\\Exception\\NotFoundHttpException(code: 0): No route found for \"GET /\" at /var/www/log/vendor/symfony/symfony/src/Symfony/Component/HttpKernel/EventListener/RouterListener.php:145, Symfony\\Component\\Routing\\Exception\\ResourceNotFoundException(code: 0):  at /var/www/log/app/cache/prod/appProdUrlMatcher.php:35)"} []
[2015-02-06 10:27:09] event.DEBUG: Notified event "kernel.request" to listener "Symfony\Component\EventDispatcher\Debug\WrappedListener::__invoke". [] []
[2015-02-06 10:27:09] event.DEBUG: Notified event "kernel.request" to listener "Symfony\Component\EventDispatcher\Debug\WrappedListener::__invoke". [] []
[2015-02-06 10:27:09] event.DEBUG: Notified event "kernel.request" to listener "Symfony\Component\EventDispatcher\Debug\WrappedListener::__invoke". [] []
[2015-02-06 10:27:09] event.DEBUG: Notified event "kernel.request" to listener "Symfony\Component\EventDispatcher\Debug\WrappedListener::__invoke". [] []
[2015-02-06 10:27:09] event.DEBUG: Notified event "kernel.request" to listener "Symfony\Component\EventDispatcher\Debug\WrappedListener::__invoke". [] []
[2015-02-06 10:27:09] event.DEBUG: Notified event "kernel.request" to listener "Symfony\Component\EventDispatcher\Debug\WrappedListener::__invoke". [] []
[2015-02-06 10:27:09] event.DEBUG: Notified event "kernel.request" to listener "Symfony\Component\EventDispatcher\Debug\WrappedListener::__invoke". [] []
[2015-02-06 10:27:09] event.DEBUG: Notified event "kernel.controller" to listener "Sensio\Bundle\FrameworkExtraBundle\EventListener\ControllerListener::onKernelController". [] []
[2015-02-06 10:27:09] event.DEBUG: Notified event "kernel.controller" to listener "Sensio\Bundle\FrameworkExtraBundle\EventListener\ParamConverterListener::onKernelController". [] []
[2015-02-06 10:27:09] event.DEBUG: Notified event "kernel.controller" to listener "Sensio\Bundle\FrameworkExtraBundle\EventListener\HttpCacheListener::onKernelController". [] []
[2015-02-06 10:27:09] event.DEBUG: Notified event "kernel.controller" to listener "Sensio\Bundle\FrameworkExtraBundle\EventListener\SecurityListener::onKernelController". [] []
[2015-02-06 10:27:09] event.DEBUG: Notified event "kernel.controller" to listener "Sensio\Bundle\FrameworkExtraBundle\EventListener\TemplateListener::onKernelController". [] []
[2015-02-06 10:27:09] event.DEBUG: Notified event "kernel.response" to listener "Symfony\Component\HttpKernel\EventListener\ResponseListener::onKernelResponse". [] []
[2015-02-06 10:27:09] event.DEBUG: Notified event "kernel.response" to listener "Symfony\Component\Security\Http\RememberMe\ResponseListener::onKernelResponse". [] []
[2015-02-06 10:27:09] event.DEBUG: Notified event "kernel.response" to listener "Sensio\Bundle\FrameworkExtraBundle\EventListener\HttpCacheListener::onKernelResponse". [] []
[2015-02-06 10:27:09] event.DEBUG: Notified event "kernel.response" to listener "Symfony\Component\HttpKernel\EventListener\SaveSessionListener::onKernelResponse". [] []
[2015-02-06 10:27:09] event.DEBUG: Notified event "kernel.response" to listener "Symfony\Component\HttpKernel\EventListener\StreamedResponseListener::onKernelResponse". [] []
[2015-02-06 10:27:09] event.DEBUG: Notified event "kernel.finish_request" to listener "Symfony\Component\HttpKernel\EventListener\LocaleListener::onKernelFinishRequest". [] []
[2015-02-06 10:27:09] event.DEBUG: Notified event "kernel.finish_request" to listener "Symfony\Component\HttpKernel\EventListener\TranslatorListener::onKernelFinishRequest". [] []
[2015-02-06 10:27:09] event.DEBUG: Notified event "kernel.finish_request" to listener "Symfony\Component\HttpKernel\EventListener\RouterListener::onKernelFinishRequest". [] []
[2015-02-06 10:27:09] event.DEBUG: Notified event "kernel.finish_request" to listener "Symfony\Component\Security\Http\Firewall::onKernelFinishRequest". [] []
[2015-02-06 10:27:09] event.DEBUG: Notified event "kernel.exception" to listener "Symfony\Component\HttpKernel\EventListener\ExceptionListener::onKernelException". [] []
[2015-02-06 10:27:09] event.DEBUG: Listener "Symfony\Component\HttpKernel\EventListener\ExceptionListener::onKernelException" stopped propagation of the event "kernel.exception". [] []
[2015-02-06 10:27:09] event.DEBUG: Notified event "kernel.response" to listener "Symfony\Component\HttpKernel\EventListener\ResponseListener::onKernelResponse". [] []
[2015-02-06 10:27:09] event.DEBUG: Notified event "kernel.response" to listener "Symfony\Component\Security\Http\RememberMe\ResponseListener::onKernelResponse". [] []
[2015-02-06 10:27:09] event.DEBUG: Notified event "kernel.response" to listener "Sensio\Bundle\FrameworkExtraBundle\EventListener\HttpCacheListener::onKernelResponse". [] []
[2015-02-06 10:27:09] event.DEBUG: Notified event "kernel.response" to listener "Symfony\Component\HttpKernel\EventListener\SaveSessionListener::onKernelResponse". [] []
[2015-02-06 10:27:09] event.DEBUG: Notified event "kernel.response" to listener "Symfony\Component\HttpKernel\EventListener\StreamedResponseListener::onKernelResponse". [] []
[2015-02-06 10:27:09] event.DEBUG: Notified event "kernel.finish_request" to listener "Symfony\Component\HttpKernel\EventListener\LocaleListener::onKernelFinishRequest". [] []
[2015-02-06 10:27:09] event.DEBUG: Notified event "kernel.finish_request" to listener "Symfony\Component\HttpKernel\EventListener\TranslatorListener::onKernelFinishRequest". [] []
[2015-02-06 10:27:09] event.DEBUG: Notified event "kernel.finish_request" to listener "Symfony\Component\HttpKernel\EventListener\RouterListener::onKernelFinishRequest". [] []
[2015-02-06 10:27:09] event.DEBUG: Notified event "kernel.finish_request" to listener "Symfony\Component\Security\Http\Firewall::onKernelFinishRequest". [] []
[2015-02-06 10:27:09] event.DEBUG: Notified event "kernel.terminate" to listener "Symfony\Bundle\SwiftmailerBundle\EventListener\EmailSenderListener::onTerminate". [] []
[2015-02-06 10:27:44] request.ERROR: Uncaught PHP Exception Symfony\Component\HttpKernel\Exception\NotFoundHttpException: "No route found for "GET /"" at /var/www/log/app/cache/prod/classes.php line 2420 {"exception":"[object] (Symfony\\Component\\HttpKernel\\Exception\\NotFoundHttpException(code: 0): No route found for \"GET /\" at /var/www/log/app/cache/prod/classes.php:2420, Symfony\\Component\\Routing\\Exception\\ResourceNotFoundException(code: 0):  at /var/www/log/app/cache/prod/appProdUrlMatcher.php:35)"} []
[2015-02-06 11:16:22] request.ERROR: Uncaught PHP Exception Symfony\Component\HttpKernel\Exception\NotFoundHttpException: "No route found for "GET /hello-world%C2%B5"" at /var/www/log/app/cache/prod/classes.php line 2420 {"exception":"[object] (Symfony\\Component\\HttpKernel\\Exception\\NotFoundHttpException(code: 0): No route found for \"GET /hello-world%C2%B5\" at /var/www/log/app/cache/prod/classes.php:2420, Symfony\\Component\\Routing\\Exception\\ResourceNotFoundException(code: 0):  at /var/www/log/app/cache/prod/appProdUrlMatcher.php:35)"} []
